#-----------------------------------------------------------
# Webtalk v2018.2 (64-bit)
# SW Build 2258646 on Thu Jun 14 20:03:12 MDT 2018
# 
# Start of session at: Wed Aug 15 12:08:22 2018
# Process ID: 392160
# Current directory: C:/xup/embedded/2018_2_microblz/lab5/lab5.sdk/webtalk
# Command line: wbtcv.exe -mode batch -source sdk_webtalk.tcl
# Log file: C:/xup/embedded/2018_2_microblz/lab5/lab5.sdk/webtalk/webtalk.log
# Journal file: C:/xup/embedded/2018_2_microblz/lab5/lab5.sdk/webtalk\webtalk.jou
#-----------------------------------------------------------
source sdk_webtalk.tcl
# webtalk_init -webtalk_dir C:\\xup\\embedded\\2018_2_microblz\\lab5\\lab5.sdk\\webtalk
# webtalk_register_client -client project
# webtalk_add_data -client project -key date_generated -value "2018-08-15 12:08:04" -context "software_version_and_target_device"
# webtalk_add_data -client project -key product_version -value "SDK v2018.2" -context "software_version_and_target_device"
# webtalk_add_data -client project -key build_version -value "2018.2" -context "software_version_and_target_device"
# webtalk_add_data -client project -key os_platform -value "amd64" -context "software_version_and_target_device"
# webtalk_add_data -client project -key registration_id -value "210762629_1777492728_210670454_722" -context "software_version_and_target_device"
# webtalk_add_data -client project -key tool_flow -value "SDK" -context "software_version_and_target_device"
# webtalk_add_data -client project -key beta -value "false" -context "software_version_and_target_device"
# webtalk_add_data -client project -key route_design -value "NA" -context "software_version_and_target_device"
# webtalk_add_data -client project -key target_family -value "NA" -context "software_version_and_target_device"
# webtalk_add_data -client project -key target_device -value "NA" -context "software_version_and_target_device"
# webtalk_add_data -client project -key target_package -value "NA" -context "software_version_and_target_device"
# webtalk_add_data -client project -key target_speed -value "NA" -context "software_version_and_target_device"
# webtalk_add_data -client project -key random_id -value "e839q14m9inj05nuuhcls11e60" -context "software_version_and_target_device"
# webtalk_add_data -client project -key project_id -value "2018.2_13" -context "software_version_and_target_device"
# webtalk_add_data -client project -key project_iteration -value "13" -context "software_version_and_target_device"
# webtalk_add_data -client project -key os_name -value "Microsoft Windows 8 or later , 64-bit" -context "user_environment"
# webtalk_add_data -client project -key os_release -value "major release  (build 9200)" -context "user_environment"
# webtalk_add_data -client project -key cpu_name -value "Intel(R) Core(TM) i7-3740QM CPU @ 2.70GHz" -context "user_environment"
# webtalk_add_data -client project -key cpu_speed -value "2691 MHz" -context "user_environment"
# webtalk_add_data -client project -key total_processors -value "1" -context "user_environment"
# webtalk_add_data -client project -key system_ram -value "17.115 GB" -context "user_environment"
# webtalk_register_client -client sdk
# webtalk_add_data -client sdk -key uid -value "1534260303959" -context "sdk\\\\hardware/1534260303959"
# webtalk_add_data -client sdk -key isZynq -value "false" -context "sdk\\\\hardware/1534260303959"
# webtalk_add_data -client sdk -key isZynqMP -value "false" -context "sdk\\\\hardware/1534260303959"
# webtalk_add_data -client sdk -key Processors -value "1" -context "sdk\\\\hardware/1534260303959"
# webtalk_add_data -client sdk -key VivadoVersion -value "2018.2" -context "sdk\\\\hardware/1534260303959"
# webtalk_add_data -client sdk -key Arch -value "artix7" -context "sdk\\\\hardware/1534260303959"
# webtalk_add_data -client sdk -key Device -value "7a100t" -context "sdk\\\\hardware/1534260303959"
# webtalk_add_data -client sdk -key IsHandoff -value "true" -context "sdk\\\\hardware/1534260303959"
# webtalk_add_data -client sdk -key os -value "NA" -context "sdk\\\\hardware/1534260303959"
# webtalk_add_data -client sdk -key apptemplate -value "NA" -context "sdk\\\\hardware/1534260303959"
# webtalk_add_data -client sdk -key RecordType -value "HWCreation" -context "sdk\\\\hardware/1534260303959"
# webtalk_add_data -client sdk -key uid -value "1534261517496" -context "sdk\\\\bsp/1534261517496"
# webtalk_add_data -client sdk -key hwid -value "1534260303959" -context "sdk\\\\bsp/1534261517496"
# webtalk_add_data -client sdk -key os -value "standalone" -context "sdk\\\\bsp/1534261517496"
# webtalk_add_data -client sdk -key apptemplate -value "empty_application" -context "sdk\\\\bsp/1534261517496"
# webtalk_add_data -client sdk -key RecordType -value "BSPCreation" -context "sdk\\\\bsp/1534261517496"
# webtalk_add_data -client sdk -key uid -value "1534261541182" -context "sdk\\\\application/1534261541182"
# webtalk_add_data -client sdk -key hwid -value "1534260303959" -context "sdk\\\\application/1534261541182"
# webtalk_add_data -client sdk -key bspid -value "1534261517496" -context "sdk\\\\application/1534261541182"
# webtalk_add_data -client sdk -key newbsp -value "true" -context "sdk\\\\application/1534261541182"
# webtalk_add_data -client sdk -key os -value "standalone" -context "sdk\\\\application/1534261541182"
# webtalk_add_data -client sdk -key apptemplate -value "empty_application" -context "sdk\\\\application/1534261541182"
# webtalk_add_data -client sdk -key RecordType -value "APPCreation" -context "sdk\\\\application/1534261541182"
# webtalk_add_data -client sdk -key LangUsed -value "C" -context "sdk\\\\application/1534261541182"
# webtalk_add_data -client sdk -key Procused -value "microblaze" -context "sdk\\\\application/1534261541182"
# webtalk_add_data -client sdk -key projSize -value "100.203125" -context "sdk\\\\application/1534261541182"
# webtalk_add_data -client sdk -key uid -value "NA" -context "sdk\\\\bsp/1534331284325"
# webtalk_add_data -client sdk -key RecordType -value "ToolUsage" -context "sdk\\\\bsp/1534331284325"
# webtalk_add_data -client sdk -key BootgenCount -value "0" -context "sdk\\\\bsp/1534331284325"
# webtalk_add_data -client sdk -key DebugCount -value "3" -context "sdk\\\\bsp/1534331284325"
# webtalk_add_data -client sdk -key PerfCount -value "0" -context "sdk\\\\bsp/1534331284325"
# webtalk_add_data -client sdk -key FlashCount -value "0" -context "sdk\\\\bsp/1534331284325"
# webtalk_add_data -client sdk -key CrossTriggCount -value "0" -context "sdk\\\\bsp/1534331284325"
# webtalk_add_data -client sdk -key QemuDebugCount -value "0" -context "sdk\\\\bsp/1534331284325"
# webtalk_transmit -clientid 3736479789 -regid "210762629_1777492728_210670454_722" -xml C:\\xup\\embedded\\2018_2_microblz\\lab5\\lab5.sdk\\webtalk\\usage_statistics_ext_sdk.xml -html C:\\xup\\embedded\\2018_2_microblz\\lab5\\lab5.sdk\\webtalk\\usage_statistics_ext_sdk.html -wdm C:\\xup\\embedded\\2018_2_microblz\\lab5\\lab5.sdk\\webtalk\\sdk_webtalk.wdm -intro "<H3>SDK Usage Report</H3><BR>"
webtalk_transmit: Time (s): cpu = 00:00:00 ; elapsed = 00:00:10 . Memory (MB): peak = 58.215 ; gain = 0.238
# webtalk_terminate
INFO: [Common 17-206] Exiting Webtalk at Wed Aug 15 12:08:31 2018...
